19:36:03 Network-interface data sent!
19:36:04 cpu-load: 9.00% | memory used: 7377Mb | I/O-Wait: 0.00%
19:36:05 System Monitoring complete
19:36:05 Network-interface data sent!
19:36:07 Network-interface data sent!
19:36:09 Network-interface data sent!
19:36:10 cpu-load: 11.00% | memory used: 7452Mb | I/O-Wait: 0.12%
19:36:11 Network-interface data sent!
19:36:13 System Monitoring complete
19:36:13 Network-interface data sent!
19:36:15 Storage: Reads:  MB/s, Writes:  MB/s | (HDD1): Reads:  MB/s, Writes:  MB/s | (HDD2): Reads:  MB/s, Writes:  MB/s | (HDD3): Reads:  MB/s, Writes:  MB/s | (HDD4): Reads:  MB/s, Writes:  MB/s
19:36:15 cpu-load: 10.00% | memory used: 7461Mb | I/O-Wait: 0.06%
19:36:15 Network-interface data sent!
19:36:17 Network-interface data sent!
19:36:18 Entity-configs published to the MQTT-Broker!
19:36:19 Network-interface data sent!
19:36:20 System Monitoring complete
19:36:21 cpu-load: 12.00% | memory used: 7502Mb | I/O-Wait: 0.12%
19:36:21 Network-interface data sent!
19:36:23 Network-interface data sent!
19:36:25 Network-interface data sent!
19:36:26 cpu-load: 8.00% | memory used: 7480Mb | I/O-Wait: 0.06%
19:36:27 Network-interface data sent!
19:36:28 System Monitoring complete
19:36:29 Network-interface data sent!
19:36:31 Network-interface data sent!
19:36:32 cpu-load: 9.00% | memory used: 7492Mb | I/O-Wait: 0.13%
19:36:33 Network-interface data sent!
